<?xml version="1.0" encoding="UTF-8"?>
<testng-results ignored="0" total="1" passed="1" failed="0" skipped="0">
  <reporter-output>
  </reporter-output>
  <suite started-at="2023-12-20T18:18:25 IST" name="Default suite" finished-at="2023-12-20T18:18:48 IST" duration-ms="22941">
    <groups>
      <group name="cucumber">
        <method signature="AbstractTestNGCucumberTests.runScenario(io.cucumber.testng.PickleWrapper,io.cucumber.testng.FeatureWrapper)[pri:0, instance:RunnerPackage.RunnerClass@510f3d34]" name="runScenario" class="io.cucumber.testng.AbstractTestNGCucumberTests"/>
      </group> <!-- cucumber -->
    </groups>
    <test started-at="2023-12-20T18:18:25 IST" name="Default test" finished-at="2023-12-20T18:18:48 IST" duration-ms="22941">
      <class name="RunnerPackage.RunnerClass">
        <test-method is-config="true" signature="setUpClass(org.testng.ITestContext)[pri:0, instance:RunnerPackage.RunnerClass@510f3d34]" started-at="2023-12-20T18:18:25 IST" name="setUpClass" finished-at="2023-12-20T18:18:26 IST" duration-ms="303" status="PASS">
          <params>
            <param index="0">
              <value>
                <![CDATA[org.testng.TestRunner@77681ce4]]>
              </value>
            </param>
          </params>
          <reporter-output>
          </reporter-output>
        </test-method> <!-- setUpClass -->
        <test-method signature="runScenario(io.cucumber.testng.PickleWrapper,io.cucumber.testng.FeatureWrapper)[pri:0, instance:RunnerPackage.RunnerClass@510f3d34]" started-at="2023-12-20T18:18:26 IST" name="runScenario" description="Runs Cucumber Scenarios" data-provider="scenarios" finished-at="2023-12-20T18:18:48 IST" duration-ms="22568" status="PASS">
          <params>
            <param index="0">
              <value>
                <![CDATA["Testing book cart to login"]]>
              </value>
            </param>
            <param index="1">
              <value>
                <![CDATA["navigate to userlogin"]]>
              </value>
            </param>
          </params>
          <reporter-output>
          </reporter-output>
        </test-method> <!-- runScenario -->
        <test-method is-config="true" signature="tearDownClass()[pri:0, instance:RunnerPackage.RunnerClass@510f3d34]" started-at="2023-12-20T18:18:48 IST" name="tearDownClass" finished-at="2023-12-20T18:18:48 IST" duration-ms="3" status="PASS">
          <reporter-output>
          </reporter-output>
        </test-method> <!-- tearDownClass -->
      </class> <!-- RunnerPackage.RunnerClass -->
    </test> <!-- Default test -->
  </suite> <!-- Default suite -->
</testng-results>
